<?xml version="1.0" encoding="UTF-8"?>
<testsuite xmlns:xsi="http://www.w3.org/2001/XMLSchema-instance" xsi:noNamespaceSchemaLocation="https://maven.apache.org/surefire/maven-surefire-plugin/xsd/surefire-test-report.xsd" name="com.bmwcarit.barefoot.markov.FilterTest" time="0.325" tests="4" errors="0" skipped="0" failures="0">
  <properties>
    <property name="awt.toolkit" value="sun.awt.X11.XToolkit"/>
    <property name="file.encoding.pkg" value="sun.io"/>
    <property name="java.specification.version" value="1.8"/>
    <property name="sun.cpu.isalist" value=""/>
    <property name="sun.jnu.encoding" value="UTF-8"/>
    <property name="java.class.path" value="/home/runner/work/Coper/Coper/target/test-classes:/home/runner/work/Coper/Coper/target/classes:/home/runner/.m2/repository/com/esri/geometry/esri-geometry-api/2.2.2/esri-geometry-api-2.2.2.jar:/home/runner/.m2/repository/com/fasterxml/jackson/core/jackson-core/2.9.6/jackson-core-2.9.6.jar:/home/runner/.m2/repository/org/json/json/20090211/json-20090211.jar:/home/runner/.m2/repository/org/postgresql/postgresql/9.2-1003-jdbc4/postgresql-9.2-1003-jdbc4.jar:/home/runner/.m2/repository/colt/colt/1.2.0/colt-1.2.0.jar:/home/runner/.m2/repository/concurrent/concurrent/1.3.4/concurrent-1.3.4.jar:/home/runner/.m2/repository/io/arrow-kt/arrow-core/0.8.2/arrow-core-0.8.2.jar:/home/runner/.m2/repository/org/jetbrains/kotlin/kotlin-stdlib-jdk7/1.3.11/kotlin-stdlib-jdk7-1.3.11.jar:/home/runner/.m2/repository/io/arrow-kt/arrow-annotations/0.8.2/arrow-annotations-0.8.2.jar:/home/runner/.m2/repository/io/kindedj/kindedj/1.1.0/kindedj-1.1.0.jar:/home/runner/.m2/repository/io/arrow-kt/arrow-syntax/0.9.0/arrow-syntax-0.9.0.jar:/home/runner/.m2/repository/io/arrow-kt/arrow-core-data/0.9.0/arrow-core-data-0.9.0.jar:/home/runner/.m2/repository/net/sf/geographiclib/GeographicLib-Java/1.46/GeographicLib-Java-1.46.jar:/home/runner/.m2/repository/junit/junit/4.12/junit-4.12.jar:/home/runner/.m2/repository/org/hamcrest/hamcrest-core/1.3/hamcrest-core-1.3.jar:/home/runner/.m2/repository/org/slf4j/slf4j-api/1.7.10/slf4j-api-1.7.10.jar:/home/runner/.m2/repository/ch/qos/logback/logback-classic/1.0.9/logback-classic-1.0.9.jar:/home/runner/.m2/repository/ch/qos/logback/logback-core/1.0.9/logback-core-1.0.9.jar:/home/runner/.m2/repository/org/zeromq/jeromq/0.3.5/jeromq-0.3.5.jar:/home/runner/.m2/repository/org/jetbrains/annotations/20.1.0/annotations-20.1.0.jar:/home/runner/.m2/repository/org/jetbrains/kotlin/kotlin-stdlib-jdk8/1.3.41/kotlin-stdlib-jdk8-1.3.41.jar:/home/runner/.m2/repository/org/jetbrains/kotlin/kotlin-stdlib/1.3.41/kotlin-stdlib-1.3.41.jar:/home/runner/.m2/repository/org/jetbrains/kotlin/kotlin-stdlib-common/1.3.41/kotlin-stdlib-common-1.3.41.jar:/home/runner/.m2/repository/org/jetbrains/kotlin/kotlin-test/1.3.41/kotlin-test-1.3.41.jar:/home/runner/.m2/repository/org/jetbrains/kotlin/kotlin-test-common/1.3.41/kotlin-test-common-1.3.41.jar:/home/runner/.m2/repository/org/apache/commons/commons-lang3/3.10/commons-lang3-3.10.jar:/home/runner/.m2/repository/org/junit/jupiter/junit-jupiter-engine/5.7.0/junit-jupiter-engine-5.7.0.jar:/home/runner/.m2/repository/org/apiguardian/apiguardian-api/1.1.0/apiguardian-api-1.1.0.jar:/home/runner/.m2/repository/org/junit/platform/junit-platform-engine/1.7.0/junit-platform-engine-1.7.0.jar:/home/runner/.m2/repository/org/opentest4j/opentest4j/1.2.0/opentest4j-1.2.0.jar:/home/runner/.m2/repository/org/junit/platform/junit-platform-commons/1.7.0/junit-platform-commons-1.7.0.jar:/home/runner/.m2/repository/org/junit/jupiter/junit-jupiter-api/5.7.0/junit-jupiter-api-5.7.0.jar:/home/runner/.m2/repository/org/junit/platform/junit-platform-launcher/1.7.0/junit-platform-launcher-1.7.0.jar:/home/runner/.m2/repository/org/junit/platform/junit-platform-runner/1.7.0/junit-platform-runner-1.7.0.jar:/home/runner/.m2/repository/org/junit/platform/junit-platform-suite-api/1.7.0/junit-platform-suite-api-1.7.0.jar:/home/runner/.m2/repository/org/geotools/gt-shapefile/12.5/gt-shapefile-12.5.jar:/home/runner/.m2/repository/org/geotools/gt-data/12.5/gt-data-12.5.jar:/home/runner/.m2/repository/org/geotools/gt-main/12.5/gt-main-12.5.jar:/home/runner/.m2/repository/org/geotools/gt-api/12.5/gt-api-12.5.jar:/home/runner/.m2/repository/com/vividsolutions/jts/1.13/jts-1.13.jar:/home/runner/.m2/repository/org/jdom/jdom/1.1.3/jdom-1.1.3.jar:/home/runner/.m2/repository/javax/media/jai_core/1.1.3/jai_core-1.1.3.jar:/home/runner/.m2/repository/org/geotools/gt-swing/12.5/gt-swing-12.5.jar:/home/runner/.m2/repository/org/geotools/gt-referencing/12.5/gt-referencing-12.5.jar:/home/runner/.m2/repository/java3d/vecmath/1.3.2/vecmath-1.3.2.jar:/home/runner/.m2/repository/commons-pool/commons-pool/1.5.4/commons-pool-1.5.4.jar:/home/runner/.m2/repository/org/geotools/gt-metadata/12.5/gt-metadata-12.5.jar:/home/runner/.m2/repository/org/geotools/gt-opengis/12.5/gt-opengis-12.5.jar:/home/runner/.m2/repository/net/java/dev/jsr-275/jsr-275/1.0-beta-2/jsr-275-1.0-beta-2.jar:/home/runner/.m2/repository/jgridshift/jgridshift/1.0/jgridshift-1.0.jar:/home/runner/.m2/repository/org/geotools/gt-render/12.5/gt-render-12.5.jar:/home/runner/.m2/repository/org/geotools/gt-coverage/12.5/gt-coverage-12.5.jar:/home/runner/.m2/repository/javax/media/jai_imageio/1.1/jai_imageio-1.1.jar:/home/runner/.m2/repository/it/geosolutions/imageio-ext/imageio-ext-tiff/1.1.10/imageio-ext-tiff-1.1.10.jar:/home/runner/.m2/repository/it/geosolutions/imageio-ext/imageio-ext-utilities/1.1.10/imageio-ext-utilities-1.1.10.jar:/home/runner/.m2/repository/javax/media/jai_codec/1.1.3/jai_codec-1.1.3.jar:/home/runner/.m2/repository/org/jaitools/jt-zonalstats/1.3.1/jt-zonalstats-1.3.1.jar:/home/runner/.m2/repository/org/jaitools/jt-utils/1.3.1/jt-utils-1.3.1.jar:/home/runner/.m2/repository/org/geotools/gt-cql/12.5/gt-cql-12.5.jar:/home/runner/.m2/repository/com/miglayout/miglayout/3.7/miglayout-3.7-swing.jar:/home/runner/.m2/repository/org/geotools/gt-epsg-hsql/12.5/gt-epsg-hsql-12.5.jar:/home/runner/.m2/repository/org/hsqldb/hsqldb/2.2.8/hsqldb-2.2.8.jar:/home/runner/.m2/repository/org/apache/commons/commons-csv/1.0/commons-csv-1.0.jar:"/>
    <property name="java.vm.vendor" value="Azul Systems, Inc."/>
    <property name="sun.arch.data.model" value="64"/>
    <property name="java.vendor.url" value="http://www.azulsystems.com/"/>
    <property name="user.timezone" value=""/>
    <property name="java.vm.specification.version" value="1.8"/>
    <property name="os.name" value="Linux"/>
    <property name="user.country" value="US"/>
    <property name="sun.java.launcher" value="SUN_STANDARD"/>
    <property name="sun.boot.library.path" value="/opt/hostedtoolcache/jdk/8.0.275/x64/jre/lib/amd64"/>
    <property name="sun.java.command" value="/home/runner/work/Coper/Coper/target/surefire/surefirebooter6527393090547138655.jar /home/runner/work/Coper/Coper/target/surefire 2020-11-16T08-58-53_138-jvmRun1 surefire4938385224904966556tmp surefire_01048862225228019895tmp"/>
    <property name="surefire.test.class.path" value="/home/runner/work/Coper/Coper/target/test-classes:/home/runner/work/Coper/Coper/target/classes:/home/runner/.m2/repository/com/esri/geometry/esri-geometry-api/2.2.2/esri-geometry-api-2.2.2.jar:/home/runner/.m2/repository/com/fasterxml/jackson/core/jackson-core/2.9.6/jackson-core-2.9.6.jar:/home/runner/.m2/repository/org/json/json/20090211/json-20090211.jar:/home/runner/.m2/repository/org/postgresql/postgresql/9.2-1003-jdbc4/postgresql-9.2-1003-jdbc4.jar:/home/runner/.m2/repository/colt/colt/1.2.0/colt-1.2.0.jar:/home/runner/.m2/repository/concurrent/concurrent/1.3.4/concurrent-1.3.4.jar:/home/runner/.m2/repository/io/arrow-kt/arrow-core/0.8.2/arrow-core-0.8.2.jar:/home/runner/.m2/repository/org/jetbrains/kotlin/kotlin-stdlib-jdk7/1.3.11/kotlin-stdlib-jdk7-1.3.11.jar:/home/runner/.m2/repository/io/arrow-kt/arrow-annotations/0.8.2/arrow-annotations-0.8.2.jar:/home/runner/.m2/repository/io/kindedj/kindedj/1.1.0/kindedj-1.1.0.jar:/home/runner/.m2/repository/io/arrow-kt/arrow-syntax/0.9.0/arrow-syntax-0.9.0.jar:/home/runner/.m2/repository/io/arrow-kt/arrow-core-data/0.9.0/arrow-core-data-0.9.0.jar:/home/runner/.m2/repository/net/sf/geographiclib/GeographicLib-Java/1.46/GeographicLib-Java-1.46.jar:/home/runner/.m2/repository/junit/junit/4.12/junit-4.12.jar:/home/runner/.m2/repository/org/hamcrest/hamcrest-core/1.3/hamcrest-core-1.3.jar:/home/runner/.m2/repository/org/slf4j/slf4j-api/1.7.10/slf4j-api-1.7.10.jar:/home/runner/.m2/repository/ch/qos/logback/logback-classic/1.0.9/logback-classic-1.0.9.jar:/home/runner/.m2/repository/ch/qos/logback/logback-core/1.0.9/logback-core-1.0.9.jar:/home/runner/.m2/repository/org/zeromq/jeromq/0.3.5/jeromq-0.3.5.jar:/home/runner/.m2/repository/org/jetbrains/annotations/20.1.0/annotations-20.1.0.jar:/home/runner/.m2/repository/org/jetbrains/kotlin/kotlin-stdlib-jdk8/1.3.41/kotlin-stdlib-jdk8-1.3.41.jar:/home/runner/.m2/repository/org/jetbrains/kotlin/kotlin-stdlib/1.3.41/kotlin-stdlib-1.3.41.jar:/home/runner/.m2/repository/org/jetbrains/kotlin/kotlin-stdlib-common/1.3.41/kotlin-stdlib-common-1.3.41.jar:/home/runner/.m2/repository/org/jetbrains/kotlin/kotlin-test/1.3.41/kotlin-test-1.3.41.jar:/home/runner/.m2/repository/org/jetbrains/kotlin/kotlin-test-common/1.3.41/kotlin-test-common-1.3.41.jar:/home/runner/.m2/repository/org/apache/commons/commons-lang3/3.10/commons-lang3-3.10.jar:/home/runner/.m2/repository/org/junit/jupiter/junit-jupiter-engine/5.7.0/junit-jupiter-engine-5.7.0.jar:/home/runner/.m2/repository/org/apiguardian/apiguardian-api/1.1.0/apiguardian-api-1.1.0.jar:/home/runner/.m2/repository/org/junit/platform/junit-platform-engine/1.7.0/junit-platform-engine-1.7.0.jar:/home/runner/.m2/repository/org/opentest4j/opentest4j/1.2.0/opentest4j-1.2.0.jar:/home/runner/.m2/repository/org/junit/platform/junit-platform-commons/1.7.0/junit-platform-commons-1.7.0.jar:/home/runner/.m2/repository/org/junit/jupiter/junit-jupiter-api/5.7.0/junit-jupiter-api-5.7.0.jar:/home/runner/.m2/repository/org/junit/platform/junit-platform-launcher/1.7.0/junit-platform-launcher-1.7.0.jar:/home/runner/.m2/repository/org/junit/platform/junit-platform-runner/1.7.0/junit-platform-runner-1.7.0.jar:/home/runner/.m2/repository/org/junit/platform/junit-platform-suite-api/1.7.0/junit-platform-suite-api-1.7.0.jar:/home/runner/.m2/repository/org/geotools/gt-shapefile/12.5/gt-shapefile-12.5.jar:/home/runner/.m2/repository/org/geotools/gt-data/12.5/gt-data-12.5.jar:/home/runner/.m2/repository/org/geotools/gt-main/12.5/gt-main-12.5.jar:/home/runner/.m2/repository/org/geotools/gt-api/12.5/gt-api-12.5.jar:/home/runner/.m2/repository/com/vividsolutions/jts/1.13/jts-1.13.jar:/home/runner/.m2/repository/org/jdom/jdom/1.1.3/jdom-1.1.3.jar:/home/runner/.m2/repository/javax/media/jai_core/1.1.3/jai_core-1.1.3.jar:/home/runner/.m2/repository/org/geotools/gt-swing/12.5/gt-swing-12.5.jar:/home/runner/.m2/repository/org/geotools/gt-referencing/12.5/gt-referencing-12.5.jar:/home/runner/.m2/repository/java3d/vecmath/1.3.2/vecmath-1.3.2.jar:/home/runner/.m2/repository/commons-pool/commons-pool/1.5.4/commons-pool-1.5.4.jar:/home/runner/.m2/repository/org/geotools/gt-metadata/12.5/gt-metadata-12.5.jar:/home/runner/.m2/repository/org/geotools/gt-opengis/12.5/gt-opengis-12.5.jar:/home/runner/.m2/repository/net/java/dev/jsr-275/jsr-275/1.0-beta-2/jsr-275-1.0-beta-2.jar:/home/runner/.m2/repository/jgridshift/jgridshift/1.0/jgridshift-1.0.jar:/home/runner/.m2/repository/org/geotools/gt-render/12.5/gt-render-12.5.jar:/home/runner/.m2/repository/org/geotools/gt-coverage/12.5/gt-coverage-12.5.jar:/home/runner/.m2/repository/javax/media/jai_imageio/1.1/jai_imageio-1.1.jar:/home/runner/.m2/repository/it/geosolutions/imageio-ext/imageio-ext-tiff/1.1.10/imageio-ext-tiff-1.1.10.jar:/home/runner/.m2/repository/it/geosolutions/imageio-ext/imageio-ext-utilities/1.1.10/imageio-ext-utilities-1.1.10.jar:/home/runner/.m2/repository/javax/media/jai_codec/1.1.3/jai_codec-1.1.3.jar:/home/runner/.m2/repository/org/jaitools/jt-zonalstats/1.3.1/jt-zonalstats-1.3.1.jar:/home/runner/.m2/repository/org/jaitools/jt-utils/1.3.1/jt-utils-1.3.1.jar:/home/runner/.m2/repository/org/geotools/gt-cql/12.5/gt-cql-12.5.jar:/home/runner/.m2/repository/com/miglayout/miglayout/3.7/miglayout-3.7-swing.jar:/home/runner/.m2/repository/org/geotools/gt-epsg-hsql/12.5/gt-epsg-hsql-12.5.jar:/home/runner/.m2/repository/org/hsqldb/hsqldb/2.2.8/hsqldb-2.2.8.jar:/home/runner/.m2/repository/org/apache/commons/commons-csv/1.0/commons-csv-1.0.jar:"/>
    <property name="sun.cpu.endian" value="little"/>
    <property name="user.home" value="/home/runner"/>
    <property name="user.language" value="en"/>
    <property name="java.specification.vendor" value="Oracle Corporation"/>
    <property name="java.home" value="/opt/hostedtoolcache/jdk/8.0.275/x64/jre"/>
    <property name="basedir" value="/home/runner/work/Coper/Coper"/>
    <property name="file.separator" value="/"/>
    <property name="line.separator" value="&#10;"/>
    <property name="jdk.vendor.version" value="Zulu 8.50.0.51-CA-linux64"/>
    <property name="java.vm.specification.vendor" value="Oracle Corporation"/>
    <property name="java.specification.name" value="Java Platform API Specification"/>
    <property name="java.awt.graphicsenv" value="sun.awt.X11GraphicsEnvironment"/>
    <property name="surefire.real.class.path" value="/home/runner/work/Coper/Coper/target/surefire/surefirebooter6527393090547138655.jar"/>
    <property name="sun.boot.class.path" value="/opt/hostedtoolcache/jdk/8.0.275/x64/jre/lib/resources.jar:/opt/hostedtoolcache/jdk/8.0.275/x64/jre/lib/rt.jar:/opt/hostedtoolcache/jdk/8.0.275/x64/jre/lib/sunrsasign.jar:/opt/hostedtoolcache/jdk/8.0.275/x64/jre/lib/jsse.jar:/opt/hostedtoolcache/jdk/8.0.275/x64/jre/lib/jce.jar:/opt/hostedtoolcache/jdk/8.0.275/x64/jre/lib/charsets.jar:/opt/hostedtoolcache/jdk/8.0.275/x64/jre/lib/jfr.jar:/opt/hostedtoolcache/jdk/8.0.275/x64/jre/classes"/>
    <property name="sun.management.compiler" value="HotSpot 64-Bit Tiered Compilers"/>
    <property name="java.runtime.version" value="1.8.0_275-b01"/>
    <property name="user.name" value="runner"/>
    <property name="path.separator" value=":"/>
    <property name="os.version" value="5.4.0-1031-azure"/>
    <property name="java.endorsed.dirs" value="/opt/hostedtoolcache/jdk/8.0.275/x64/jre/lib/endorsed"/>
    <property name="java.runtime.name" value="OpenJDK Runtime Environment"/>
    <property name="file.encoding" value="UTF-8"/>
    <property name="java.vm.name" value="OpenJDK 64-Bit Server VM"/>
    <property name="localRepository" value="/home/runner/.m2/repository"/>
    <property name="java.vendor.url.bug" value="http://www.azulsystems.com/support/"/>
    <property name="java.io.tmpdir" value="/tmp"/>
    <property name="java.version" value="1.8.0_275"/>
    <property name="user.dir" value="/home/runner/work/Coper/Coper"/>
    <property name="os.arch" value="amd64"/>
    <property name="java.vm.specification.name" value="Java Virtual Machine Specification"/>
    <property name="java.awt.printerjob" value="sun.print.PSPrinterJob"/>
    <property name="sun.os.patch.level" value="unknown"/>
    <property name="java.library.path" value="/usr/java/packages/lib/amd64:/usr/lib64:/lib64:/lib:/usr/lib"/>
    <property name="java.vm.info" value="mixed mode"/>
    <property name="java.vendor" value="Azul Systems, Inc."/>
    <property name="java.vm.version" value="25.275-b01"/>
    <property name="java.ext.dirs" value="/opt/hostedtoolcache/jdk/8.0.275/x64/jre/lib/ext:/usr/java/packages/lib/ext"/>
    <property name="sun.io.unicode.encoding" value="UnicodeLittle"/>
    <property name="java.class.version" value="52.0"/>
    <property name="maven.test.failure.ignore" value="true"/>
  </properties>
  <testcase name="FilterTestSubsequent" classname="com.bmwcarit.barefoot.markov.FilterTest" time="0.291"/>
  <testcase name="FilterTestInitial" classname="com.bmwcarit.barefoot.markov.FilterTest" time="0.004"/>
  <testcase name="FilterTestBreakTransition" classname="com.bmwcarit.barefoot.markov.FilterTest" time="0.005"/>
  <testcase name="FilterTestBreakCandidates" classname="com.bmwcarit.barefoot.markov.FilterTest" time="0.001"/>
</testsuite>